<?xml version="1.0" encoding="UTF-8"?>
<!-- Generated by org.testng.reporters.JUnitReportReporter -->
<testsuite hostname="hp" failures="0" tests="1" name="com.pom.utils.test2" time="0.011" errors="0" timestamp="2023-09-28T20:39:29 IST" skipped="0">
  <testcase classname="com.pom.utils.test2" name="logOutTest" time="0.011"/>
  <system-out/>
</testsuite> <!-- com.pom.utils.test2 -->
